<?xml version="1.0" encoding="UTF-8"?>
<!-- Generated by org.testng.reporters.JUnitReportReporter -->
<testsuite skipped="0" hostname="rishabhtiwari01" name="tests.RPoolTest" tests="2" failures="0" timestamp="05 Jul 2021 11:52:35 GMT" time="84.436" errors="0">
  <testcase name="checkVideoLink_001" time="49.387" classname="tests.RPoolTest"/>
  <testcase name="toOfferTripProcedure_002" time="35.049" classname="tests.RPoolTest"/>
</testsuite> <!-- tests.RPoolTest -->
