<?xml version="1.0" encoding="UTF-8"?>
<!-- Generated by org.testng.reporters.JUnitReportReporter -->
<testsuite skipped="0" hostname="rishabhtiwari01" name="tests.ExploreSiteMapTest" tests="1" failures="0" timestamp="05 Jul 2021 12:09:28 GMT" time="35.471" errors="0">
  <testcase name="exploreSiteMap_001" time="35.471" classname="tests.ExploreSiteMapTest"/>
</testsuite> <!-- tests.ExploreSiteMapTest -->
