<?xml version="1.0" encoding="UTF-8"?>
<!-- Generated by org.testng.reporters.JUnitReportReporter -->
<testsuite skipped="0" hostname="rishabhtiwari01" name="tests.TestHelp" tests="1" failures="0" timestamp="05 Jul 2021 11:52:35 GMT" time="37.492" errors="0">
  <testcase name="Help_001" time="37.492" classname="tests.TestHelp"/>
</testsuite> <!-- tests.TestHelp -->
