<?xml version="1.0" encoding="UTF-8"?>
<!-- Generated by org.testng.reporters.JUnitReportReporter -->
<testsuite skipped="0" hostname="rishabhtiwari01" name="tests.CareerTest" tests="1" failures="0" timestamp="05 Jul 2021 11:52:35 GMT" time="47.394" errors="0">
  <testcase name="carrerTest001" time="47.394" classname="tests.CareerTest"/>
</testsuite> <!-- tests.CareerTest -->
