<?xml version="1.0" encoding="UTF-8"?>
<!-- Generated by org.testng.reporters.JUnitReportReporter -->
<testsuite skipped="0" hostname="rishabhtiwari01" name="pages.Blogs" tests="1" failures="0" timestamp="26 Jun 2021 17:48:30 GMT" time="20.863" errors="0">
  <testcase name="c" time="20.863" classname="pages.Blogs"/>
</testsuite> <!-- pages.Blogs -->
